Build started 6/26/2018 1:18:29 PM.
     1>Project "c:\Users\l1f16bscs0060\documents\visual studio 2013\Projects\project\project\project.vcxproj" on node 2 (Build target(s)).
     1>ClCompile:
         C:\Program Files (x86)\Microsoft Visual Studio 12.0\VC\bin\CL.exe /c /ZI /nologo /W3 /WX- /sdl /Od /Oy- /D WIN32 /D _DEBUG /D _CONSOLE /D _LIB /D _UNICODE /D UNICODE /Gm /EHsc /RTC1 /MDd /GS /fp:precise /Zc:wchar_t /Zc:forScope /Fo"Debug\\" /Fd"Debug\vc120.pdb" /Gd /TP /analyze- /errorReport:prompt ..\..\..\..\..\Downloads\Address.cpp ..\..\..\..\..\Downloads\AdmittingDate.cpp ..\..\..\..\..\Downloads\Beds.cpp ..\..\..\..\..\Downloads\BillingSystem.cpp ..\..\..\..\..\Downloads\Date.cpp ..\..\..\..\..\Downloads\DischargeDate.cpp ..\..\..\..\..\Downloads\Patient.cpp ..\..\..\..\..\Downloads\Person.cpp ..\..\..\..\..\Downloads\ProjectMain.cpp ..\..\..\..\..\Downloads\Rooms.cpp ..\..\..\..\..\Downloads\Staff.cpp
         Staff.cpp
         Rooms.cpp
         ProjectMain.cpp
         Person.cpp
         Patient.cpp
         DischargeDate.cpp
         Date.cpp
         BillingSystem.cpp
         Beds.cpp
         AdmittingDate.cpp
         Address.cpp
         Generating Code...
       Link:
         C:\Program Files (x86)\Microsoft Visual Studio 12.0\VC\bin\link.exe /ERRORREPORT:PROMPT /OUT:"c:\users\l1f16bscs0060\documents\visual studio 2013\Projects\project\Debug\project.exe" /INCREMENTAL /NOLOGO kernel32.lib user32.lib gdi32.lib winspool.lib comdlg32.lib advapi32.lib shell32.lib ole32.lib oleaut32.lib uuid.lib odbc32.lib odbccp32.lib /MANIFEST /MANIFESTUAC:"level='asInvoker' uiAccess='false'" /manifest:embed /DEBUG /PDB:"c:\users\l1f16bscs0060\documents\visual studio 2013\Projects\project\Debug\project.pdb" /SUBSYSTEM:CONSOLE /TLBID:1 /DYNAMICBASE /NXCOMPAT /IMPLIB:"c:\users\l1f16bscs0060\documents\visual studio 2013\Projects\project\Debug\project.lib" /MACHINE:X86 Debug\Address.obj
         Debug\AdmittingDate.obj
         Debug\Beds.obj
         Debug\BillingSystem.obj
         Debug\Date.obj
         Debug\DischargeDate.obj
         Debug\Patient.obj
         Debug\Person.obj
         Debug\ProjectMain.obj
         Debug\Rooms.obj
         Debug\Staff.obj
         project.vcxproj -> c:\users\l1f16bscs0060\documents\visual studio 2013\Projects\project\Debug\project.exe
     1>Done Building Project "c:\Users\l1f16bscs0060\documents\visual studio 2013\Projects\project\project\project.vcxproj" (Build target(s)).

Build succeeded.

Time Elapsed 00:00:05.44
